0 info it worked if it ends with ok
1 verbose cli [ '/usr/bin/nodejs', '/usr/bin/npm', 'run', 'setup' ]
2 info using npm@3.5.2
3 info using node@v4.2.6
4 verbose run-script [ 'presetup', 'setup', 'postsetup' ]
5 info lifecycle chalk@~presetup: chalk@
6 silly lifecycle chalk@~presetup: no script for presetup, continuing
7 info lifecycle chalk@~setup: chalk@
8 verbose lifecycle chalk@~setup: unsafe-perm in lifecycle true
9 verbose lifecycle chalk@~setup: PATH: /usr/share/npm/bin/node-gyp-bin:/mnt/c/Repos/GitHub-External/GABeech/blog/node_modules/.bin:/home/gbeech/bin:/home/gbeech/.local/bin:/usr/local/sbin:/usr/local/bin:/usr/sbin:/usr/bin:/sbin:/bin:/usr/games:/usr/local/games:/mnt/c/Program Files (x86)/Intel/Intel(R) Management Engine Components/iCLS:/mnt/c/Program Files/Intel/Intel(R) Management Engine Components/iCLS:/mnt/c/Program Files (x86)/Common Files/Oracle/Java/javapath_target_73839968:/mnt/c/Program Files (x86)/Python36-32/Scripts:/mnt/c/Program Files (x86)/Python36-32:/mnt/c/Windows/System32:/mnt/c/Windows:/mnt/c/Windows/System32/wbem:/mnt/c/Windows/System32/WindowsPowerShell/v1.0:/mnt/c/Program Files/dotnet:/mnt/c/Program Files/Microsoft SQL Server/130/Tools/Binn:/mnt/c/Program Files (x86)/PuTTY:/mnt/c/Program Files (x86)/LINQPad5:/mnt/c/Program Files (x86)/Plantronics/Spokes3G:/mnt/c/ProgramData/chocolatey/bin:/mnt/c/perl/c/bin:/mnt/c/perl/perl/site/bin:/mnt/c/perl/perl/bin:/mnt/c/Program Files/PuTTY:/mnt/c/Program Files/Git/mingw64/bin:/mnt/c/Program Files/nodejs:/mnt/c/Program Files/Microsoft Network Monitor 3:/mnt/c/Program Files (x86)/GnuPG/bin:/mnt/c/Program Files (x86)/Windows Kits/10/Windows Performance Toolkit:/mnt/c/Program Files (x86)/NVIDIA Corporation/PhysX/Common:/mnt/c/Program Files (x86)/Yarn/bin:/mnt/c/Program Files/Intel/WiFi/bin:/mnt/c/Program Files/Common Files/Intel/WirelessCommon:/mnt/c/Program Files/Git/cmd:/mnt/c/Program Files/Git/mingw64/bin:/mnt/c/Program Files/Git/usr/bin:/mnt/c/Program Files (x86)/Intel/Intel(R) Management Engine Components/DAL:/mnt/c/Program Files/Intel/Intel(R) Management Engine Components/DAL:/mnt/c/Users/george.beech/AppData/Local/Programs/Python/Python36/Scripts:/mnt/c/Users/george.beech/AppData/Local/Programs/Python/Python36:/mnt/c/Users/george.beech/AppData/Local/Microsoft/WindowsApps:/mnt/c/Users/george.beech/AppData/Local/GitHubDesktop/bin:/mnt/c/Users/george.beech/AppData/Roaming/npm:/mnt/c/groovy/bin:/mnt/c/Program Files (x86)/Microsoft Visual Studio/2017/Professional/MSBuild/15.0/Bin/Roslyn:/mnt/c/Users/george.beech/AppData/Local/Programs/Fiddler:/mnt/c/Users/george.beech/AppData/Local/Programs/Microsoft VS Code/bin:/mnt/c/Users/george.beech/AppData/Local/Yarn/bin:/mnt/c/Program Files/Intel/WiFi/bin:/mnt/c/Program Files/Common Files/Intel/WirelessCommon:/snap/bin
10 verbose lifecycle chalk@~setup: CWD: /mnt/c/Repos/GitHub-External/GABeech/blog
11 silly lifecycle chalk@~setup: Args: [ '-c', 'bin/setup' ]
12 silly lifecycle chalk@~setup: Returned: code: 2  signal: null
13 info lifecycle chalk@~setup: Failed to exec setup script
14 verbose stack Error: chalk@ setup: `bin/setup`
14 verbose stack Exit status 2
14 verbose stack     at EventEmitter.<anonymous> (/usr/share/npm/lib/utils/lifecycle.js:232:16)
14 verbose stack     at emitTwo (events.js:87:13)
14 verbose stack     at EventEmitter.emit (events.js:172:7)
14 verbose stack     at ChildProcess.<anonymous> (/usr/share/npm/lib/utils/spawn.js:24:14)
14 verbose stack     at emitTwo (events.js:87:13)
14 verbose stack     at ChildProcess.emit (events.js:172:7)
14 verbose stack     at maybeClose (internal/child_process.js:821:16)
14 verbose stack     at Process.ChildProcess._handle.onexit (internal/child_process.js:211:5)
15 verbose pkgid chalk@
16 verbose cwd /mnt/c/Repos/GitHub-External/GABeech/blog
17 error Linux 4.4.0-43-Microsoft
18 error argv "/usr/bin/nodejs" "/usr/bin/npm" "run" "setup"
19 error node v4.2.6
20 error npm  v3.5.2
21 error code ELIFECYCLE
22 error chalk@ setup: `bin/setup`
22 error Exit status 2
23 error Failed at the chalk@ setup script 'bin/setup'.
23 error Make sure you have the latest version of node.js and npm installed.
23 error If you do, this is most likely a problem with the chalk package,
23 error not with npm itself.
23 error Tell the author that this fails on your system:
23 error     bin/setup
23 error You can get information on how to open an issue for this project with:
23 error     npm bugs chalk
23 error Or if that isn't available, you can get their info via:
23 error     npm owner ls chalk
23 error There is likely additional logging output above.
24 verbose exit [ 1, true ]
